[2025-10-11T20:49:16] Unparsed folder name (check pattern): 016__2025-09-13__TSC_vs_NEOFC__SHOT__t155.50-166.40_portrait_FINAL
[2025-10-11T20:49:16] Unparsed folder name (check pattern): 017__1970-01-01__HOME_vs_AWAY__GOAL__t180.80-191.20_portrait_FINAL
[2025-10-11T20:49:16] Unparsed folder name (check pattern): 018__1970-01-01__HOME_vs_AWAY__BUILD_UP__t224.80-248.70_portrait_FINAL
[2025-10-11T20:49:16] Unparsed folder name (check pattern): 019__2025-09-20__TSC_vs_Greenwood__BUILD_UP_PLAY_SHOT__t421.00-441.00_portrait_FINAL
[2025-10-11T20:49:16] Unparsed folder name (check pattern): 020__1970-01-01__HOME_vs_AWAY__GOAL__t266.50-283.10_portrait_FINAL
[2025-10-11T20:49:16] Unparsed folder name (check pattern): 021__2025-09-20__TSC_vs_Greenwood__PRESSURE_TWO_SHOTS__t444.00-456.00_portrait_FINAL
[2025-10-11T20:49:16] Unparsed folder name (check pattern): 022__1970-01-01__HOME_vs_AWAY__CORNER__t417.90-431.60_portrait_FINAL
[2025-10-11T20:49:16] Unparsed folder name (check pattern): 023__2025-09-20__TSC_vs_Greenwood__WIN_FREE_KICK__t538.00-553.00_portrait_FINAL
[2025-10-11T20:49:16] Unparsed folder name (check pattern): 024__1970-01-01__HOME_vs_AWAY__DEFENSE__t699.30-711.50_portrait_FINAL
[2025-10-11T20:49:16] Unparsed folder name (check pattern): 025__2025-09-20__TSC_vs_Greenwood__BUILD_UP_PLAY_SHOT__t685.00-708.00_portrait_FINAL
[2025-10-11T20:49:16] Unparsed folder name (check pattern): 026__2025-09-20__TSC_vs_RVFC__SHOT__t517.00-528.00_portrait_FINAL
[2025-10-11T20:49:16] Unparsed folder name (check pattern): 027__1970-01-01__HOME_vs_AWAY__DRIBBLING__t982.00-987.90_portrait_FINAL
[2025-10-11T20:49:16] Unparsed folder name (check pattern): 028__2025-09-20__TSC_vs_Greenwood__DRIBBLING_SHOT__t739.00-752.00_portrait_FINAL
[2025-10-11T20:49:16] Unparsed folder name (check pattern): 029__2025-09-20__TSC_vs_RVFC__PRESSURE_GOAL__t529.00-547.00_portrait_FINAL
[2025-10-11T20:49:16] Unparsed folder name (check pattern): 030__1970-01-01__HOME_vs_AWAY__SHOT__t1247.80-1259.20_portrait_FINAL
[2025-10-11T20:49:16] Unparsed folder name (check pattern): 031__2025-09-20__TSC_vs_Greenwood__PRESSURE_SHOT__t754.00-783.00_portrait_FINAL
[2025-10-11T20:49:16] Unparsed folder name (check pattern): 032__2025-09-20__TSC_vs_RVFC__BUILD_UP_PLAY_SHOT__t565.00-600.00_portrait_FINAL
[2025-10-11T20:49:16] Unparsed folder name (check pattern): 033__1970-01-01__HOME_vs_AWAY__SHOT__t1420.40-1438.20_portrait_FINAL
[2025-10-11T20:49:16] Unparsed folder name (check pattern): 034__2025-09-20__TSC_vs_Greenwood__PRESSURE_SHOT__t802.00-818.00_portrait_FINAL
[2025-10-11T20:49:16] Unparsed folder name (check pattern): 035__2025-09-20__TSC_vs_RVFC__PRESSURE_SHOT__t604.00-620.00_portrait_FINAL
[2025-10-11T20:49:16] Unparsed folder name (check pattern): 036__1970-01-01__HOME_vs_AWAY__CROSS__t1541.10-1547.90_portrait_FINAL
[2025-10-11T20:49:16] Unparsed folder name (check pattern): 037__2025-09-20__TSC_vs_Greenwood__DEFENSE_BUILD_UP__t821.00-848.00_portrait_FINAL
[2025-10-11T20:49:16] Unparsed folder name (check pattern): 038__2025-09-20__TSC_vs_RVFC__PRESSURE_SHOT__t675.00-689.00_portrait_FINAL
[2025-10-11T20:49:16] Unparsed folder name (check pattern): 039__1970-01-01__HOME_vs_AWAY__SHOTS__t1655.00-1670.30_portrait_FINAL
[2025-10-11T20:49:16] Unparsed folder name (check pattern): 040__2025-09-20__TSC_vs_Greenwood__GOAL__t902.00-913.00_portrait_FINAL
[2025-10-11T20:49:16] Unparsed folder name (check pattern): 041__2025-09-20__TSC_vs_RVFC__PRESSURE_SHOT__t689.00-702.00_portrait_FINAL
[2025-10-11T20:49:16] Unparsed folder name (check pattern): 042__1970-01-01__HOME_vs_AWAY__GOAL__t1705.20-1708.50_portrait_FINAL
[2025-10-11T20:49:16] Unparsed folder name (check pattern): 043__2025-09-20__TSC_vs_Greenwood__BUILD_SHOT__t973.00-987.00_portrait_FINAL
[2025-10-11T20:49:16] Unparsed folder name (check pattern): 044__2025-09-20__TSC_vs_RVFC__BUILD_UP_PLAY_SHOT__t746.00-757.00_portrait_FINAL
[2025-10-11T20:49:16] Unparsed folder name (check pattern): 045__1970-01-01__HOME_vs_AWAY__GOAL__t1767.50-1772.60_portrait_FINAL
[2025-10-11T20:49:16] Unparsed folder name (check pattern): 046__2025-09-20__TSC_vs_Greenwood__PRESSURE_SHOT__t988.00-1001.00_portrait_FINAL
[2025-10-11T20:49:16] Unparsed folder name (check pattern): 047__2025-09-20__TSC_vs_RVFC__BUILD_UP_PLAY_SHOT__t821.00-865.00_portrait_FINAL
[2025-10-11T20:49:16] Unparsed folder name (check pattern): 048__1970-01-01__HOME_vs_AWAY__GOAL__t1904.20-1925.20_portrait_FINAL
[2025-10-11T20:49:16] Unparsed folder name (check pattern): 049__2025-09-20__TSC_vs_Greenwood__PRESSURE_SHOT__t1063.00-1073.00_portrait_FINAL
[2025-10-11T20:49:16] Unparsed folder name (check pattern): 050__2025-09-20__TSC_vs_RVFC__DEFENSE_BUILD_UP__t880.00-897.00_portrait_FINAL
[2025-10-11T20:49:16] Unparsed folder name (check pattern): 051__1970-01-01__HOME_vs_AWAY__DRIBBLING__t1972.50-1980.70_portrait_FINAL
[2025-10-11T20:49:16] Unparsed folder name (check pattern): 052__2025-09-20__TSC_vs_Greenwood__SHOT__t1081.00-1088.00_portrait_FINAL
[2025-10-11T20:49:16] Unparsed folder name (check pattern): 053__2025-09-20__TSC_vs_RVFC__SHOT__t930.00-937.00_portrait_FINAL
[2025-10-11T20:49:16] Unparsed folder name (check pattern): 054__1970-01-01__HOME_vs_AWAY__SHOT__t2029.90-2039.50_portrait_FINAL
[2025-10-11T20:49:16] Unparsed folder name (check pattern): 055__2025-09-20__TSC_vs_Greenwood__BUILD_UP_PLAY_SHOT__t1195.00-1209.00_portrait_FINAL
[2025-10-11T20:49:16] Unparsed folder name (check pattern): 056__2025-09-20__TSC_vs_RVFC__BUILD_UP_PLAY_SHOT__t999.00-1022.00_portrait_FINAL
[2025-10-11T20:49:16] Unparsed folder name (check pattern): 057__1970-01-01__HOME_vs_AWAY__SHOT__t2284.90-2298.20_portrait_FINAL
[2025-10-11T20:49:16] Unparsed folder name (check pattern): 058__2025-09-20__TSC_vs_Greenwood__PRESSURE_SHOT__t1212.00-1224.00_portrait_FINAL
[2025-10-11T20:49:16] Unparsed folder name (check pattern): 059__2025-09-20__TSC_vs_RVFC__BUILD_UP_PLAY_SHOT__t1088.00-1124.00_portrait_FINAL
[2025-10-11T20:49:16] Unparsed folder name (check pattern): 060__1970-01-01__HOME_vs_AWAY__SHOT__t2419.50-2425.60_portrait_FINAL
[2025-10-11T20:49:16] Unparsed folder name (check pattern): 061__2025-09-20__TSC_vs_Greenwood__BUILD_UP_PLAY_GOAL__t1292.00-1329.00_portrait_FINAL
[2025-10-11T20:49:16] Unparsed folder name (check pattern): 062__2025-09-20__TSC_vs_RVFC__DRIBBLING_SHOT__t1147.00-1153.00_portrait_FINAL
[2025-10-11T20:49:16] Unparsed folder name (check pattern): 063__1970-01-01__HOME_vs_AWAY__SHOT__t2633.00-2638.10_portrait_FINAL
[2025-10-11T20:49:16] Unparsed folder name (check pattern): 064__2025-09-20__TSC_vs_Greenwood__PRESSURE_SHOT__t1369.00-1383.00_portrait_FINAL
[2025-10-11T20:49:16] Unparsed folder name (check pattern): 065__2025-09-20__TSC_vs_RVFC__BUILD_UP_PLAY_SHOT__t1158.00-1182.00_portrait_FINAL
[2025-10-11T20:49:16] Unparsed folder name (check pattern): 066__1970-01-01__HOME_vs_AWAY__GOAL__t2816.60-2831.80_portrait_FINAL
[2025-10-11T20:49:16] Unparsed folder name (check pattern): 067__2025-09-20__TSC_vs_Greenwood__PRESSURE_SHOT__t1393.00-1409.00_portrait_FINAL
[2025-10-11T20:49:16] Unparsed folder name (check pattern): 068__2025-09-20__TSC_vs_RVFC__SHOT__t1236.00-1243.00_portrait_FINAL
[2025-10-11T20:49:16] Unparsed folder name (check pattern): 069__1970-01-01__HOME_vs_AWAY__SHOT__t2860.70-2873.00_portrait_FINAL
[2025-10-11T20:49:16] Unparsed folder name (check pattern): 070__2025-09-20__TSC_vs_Greenwood__BUILD_UP_PLAY_SHOT__t1437.00-1472.00_portrait_FINAL
[2025-10-11T20:49:16] Unparsed folder name (check pattern): 071__2025-09-20__TSC_vs_RVFC__CROSS__t1275.00-1293.00_portrait_FINAL
[2025-10-11T20:49:16] Unparsed folder name (check pattern): 072__2025-09-20__TSC_vs_Greenwood__GOAL__t1578.00-1586.00_portrait_FINAL
[2025-10-11T20:49:16] Unparsed folder name (check pattern): 073__2025-09-20__TSC_vs_RVFC__PRESSURE_SHOT__t1300.00-1310.00_portrait_FINAL
[2025-10-11T20:49:16] Unparsed folder name (check pattern): 074__1970-01-01__HOME_vs_AWAY__SHOT__t3028.10-3059.70_portrait_FINAL
[2025-10-11T20:49:16] Unparsed folder name (check pattern): 075__2025-09-13__TSC_vs_NEOFC__SHOT__t3098.90-3108.80_portrait_FINAL
[2025-10-11T20:49:16] Unparsed folder name (check pattern): 076__2025-09-20__TSC_vs_Greenwood__BUILD_UP_PLAY_SHOT__t1711.00-1722.00_portrait_FINAL
[2025-10-11T20:49:16] Unparsed folder name (check pattern): 077__2025-09-20__TSC_vs_RVFC__PRESSURE_SHOT__t1316.00-1329.00_portrait_FINAL
[2025-10-11T20:49:16] Unparsed folder name (check pattern): 078__2025-09-20__TSC_vs_Greenwood__PRESSURE_SHOT__t1871.00-1881.00_portrait_FINAL
[2025-10-11T20:49:16] Unparsed folder name (check pattern): 079__2025-09-20__TSC_vs_RVFC__FREE_KICK__t1402.00-1421.00_portrait_FINAL
[2025-10-11T20:49:16] Unparsed folder name (check pattern): 080__2025-09-20__TSC_vs_Greenwood__GOAL__t1885.00-1895.00_portrait_FINAL
[2025-10-11T20:49:16] Unparsed folder name (check pattern): 081__2025-09-20__TSC_vs_RVFC__PRESSURE_GOAL__t1512.00-1520.00_portrait_FINAL
[2025-10-11T20:49:16] Unparsed folder name (check pattern): 082__2025-09-20__TSC_vs_Greenwood__PRESSURE_SHOT__t1951.00-1962.00_portrait_FINAL
[2025-10-11T20:49:16] Unparsed folder name (check pattern): 083__2025-09-20__TSC_vs_RVFC__DRIBBLING_SHOT__t1800.00-1810.00_portrait_FINAL
[2025-10-11T20:49:16] Unparsed folder name (check pattern): 084__2025-09-20__TSC_vs_Greenwood__BUILD_UP_PLAY_SHOT__t2040.00-2058.00_portrait_FINAL
[2025-10-11T20:49:16] Unparsed folder name (check pattern): 085__2025-09-20__TSC_vs_RVFC__SHOT__t1827.00-1834.00_portrait_FINAL
[2025-10-11T20:49:16] Unparsed folder name (check pattern): 086__2025-09-20__TSC_vs_Greenwood__BUILD_UP_PLAY_SHOT__t2092.00-2105.00_portrait_FINAL
[2025-10-11T20:49:16] Unparsed folder name (check pattern): 087__2025-09-20__TSC_vs_RVFC__CORNER__t1852.00-1875.00_portrait_FINAL
[2025-10-11T20:49:16] Unparsed folder name (check pattern): 088__2025-09-20__TSC_vs_Greenwood__BUILD_UP_PLAY_SHOT__t2134.00-2152.00_portrait_FINAL
[2025-10-11T20:49:16] Unparsed folder name (check pattern): 089__2025-09-20__TSC_vs_RVFC__PRESSURE_SHOT__t1883.00-1893.00_portrait_FINAL
[2025-10-11T20:49:16] Unparsed folder name (check pattern): 090__2025-09-20__TSC_vs_Greenwood__FREE_KICK_WON_GOAL__t2175.00-2211.00_portrait_FINAL
[2025-10-11T20:49:16] Unparsed folder name (check pattern): 091__2025-09-20__TSC_vs_RVFC__PRESSURE_SHOT__t1898.00-1911.00_portrait_FINAL
[2025-10-11T20:49:16] Unparsed folder name (check pattern): 092__2025-09-20__TSC_vs_Greenwood__BUILD_UP_PLAY_SHOT__t2245.00-2266.00_portrait_FINAL
[2025-10-11T20:49:16] Unparsed folder name (check pattern): 093__2025-09-20__TSC_vs_RVFC__PRESSURE_SHOT__t1964.00-1975.00_portrait_FINAL
[2025-10-11T20:49:16] Unparsed folder name (check pattern): 094__2025-09-20__TSC_vs_Greenwood__BUILD_UP_PLAY_SHOT__t2544.00-2561.00_portrait_FINAL
[2025-10-11T20:49:16] Unparsed folder name (check pattern): 095__2025-09-20__TSC_vs_RVFC__BUILD_UP_PLAY_SHOT__t2034.00-2057.00_portrait_FINAL
[2025-10-11T20:49:16] Unparsed folder name (check pattern): 096__2025-09-20__TSC_vs_Greenwood__GOAL__t2562.00-2582.00_portrait_FINAL
[2025-10-11T20:49:16] Unparsed folder name (check pattern): 097__2025-09-20__TSC_vs_RVFC__BUILD_UP_PLAY_SHOT__t2131.00-2150.00_portrait_FINAL
[2025-10-11T20:49:16] Unparsed folder name (check pattern): 098__2025-09-20__TSC_vs_Greenwood__PRESSURE_SHOT__t2646.00-2665.00_portrait_FINAL
[2025-10-11T20:49:16] Unparsed folder name (check pattern): 099__2025-09-20__TSC_vs_RVFC__PRESSURE_GOAL__t2158.00-2169.00_portrait_FINAL
[2025-10-11T20:49:16] Unparsed folder name (check pattern): 100__2025-09-20__TSC_vs_Greenwood__CORNER__t2687.00-2701.00_portrait_FINAL
[2025-10-11T20:49:16] Unparsed folder name (check pattern): 101__2025-09-20__TSC_vs_RVFC__BUILD_UP_PLAY_SHOT__t2297.00-2312.00_portrait_FINAL
[2025-10-11T20:49:16] Unparsed folder name (check pattern): 102__2025-09-20__TSC_vs_Greenwood__PRESSURE_SHOT__t2705.00-2715.00_portrait_FINAL
[2025-10-11T20:49:16] Unparsed folder name (check pattern): 103__2025-09-20__TSC_vs_RVFC__PRESSURE_GOAL__t2348.00-2367.00_portrait_FINAL
[2025-10-11T20:49:16] Unparsed folder name (check pattern): 104__2025-09-20__TSC_vs_Greenwood__PRESSURE_GOAL__t2729.00-2749.00_portrait_FINAL
[2025-10-11T20:49:16] Unparsed folder name (check pattern): 105__2025-09-20__TSC_vs_RVFC__PRESSURE_SHOT__t2388.00-2397.00_portrait_FINAL
[2025-10-11T20:49:16] Unparsed folder name (check pattern): 106__2025-09-20__TSC_vs_Greenwood__PRESSURE_SHOT__t2770.00-2827.00_portrait_FINAL
[2025-10-11T20:49:16] Unparsed folder name (check pattern): 107__2025-09-20__TSC_vs_RVFC__PRESSURE_GOAL__t2411.00-2431.00_portrait_FINAL
[2025-10-11T20:49:16] Unparsed folder name (check pattern): 108__2025-09-20__TSC_vs_Greenwood__BUILD_UP_PLAY_SHOT__t2894.00-2914.00_portrait_FINAL
[2025-10-11T20:49:16] Unparsed folder name (check pattern): 109__2025-09-20__TSC_vs_RVFC__PRESSURE_GOAL__t2485.00-2506.00_portrait_FINAL
[2025-10-11T20:49:16] Unparsed folder name (check pattern): 110__2025-09-20__TSC_vs_RVFC__BUILD_UP_PLAY_SHOT__t2571.00-2599.00_portrait_FINAL
[2025-10-11T20:49:16] Unparsed folder name (check pattern): 111__2025-09-20__TSC_vs_RVFC__CORNER__t2712.00-2722.00_portrait_FINAL
[2025-10-11T20:49:16] Unparsed folder name (check pattern): 112__2025-09-20__TSC_vs_RVFC__CORNER__t2765.00-2783.00_portrait_FINAL
[2025-10-11T20:49:16] Unparsed folder name (check pattern): 113__2025-09-20__TSC_vs_RVFC__GOAL__t3010.00-3028.00_portrait_FINAL
[2025-10-11T20:49:16] Unparsed folder name (check pattern): 114__2025-09-20__TSC_vs_RVFC__GOAL__t3051.00-3066.00_portrait_FINAL
